<?xml version="1.0" encoding="UTF-8"?>
<!-- Generated by org.testng.reporters.JUnitXMLReporter -->
<testsuite hostname="Ajith-PC" ignored="0" name="Test" tests="2" failures="1" timestamp="13 Apr 2019 05:28:43 GMT" time="25.198" errors="0">
  <testcase name="testValidLogin" time="4.352" classname="scripts.TestValidLogin">
    <failure type="java.lang.AssertionError">
      <![CDATA[java.lang.AssertionError
at org.junit.Assert.fail(Assert.java:86)
at org.junit.Assert.fail(Assert.java:95)
at scripts.TestValidLogin.testValidLogin(TestValidLogin.java:20)
... Removed 25 stack frames]]>
    </failure>
  </testcase> <!-- testValidLogin -->
  <testcase name="testValidLogin" time="5.999" classname="scripts.TestInvalidLogin"/>
</testsuite> <!-- Test -->
