<?xml version="1.0" encoding="UTF-8"?>
<!-- Generated by org.testng.reporters.JUnitXMLReporter -->
<testsuite hostname="Ajith-PC" ignored="0" name="Test" tests="2" failures="1" timestamp="13 Apr 2019 08:45:03 GMT" time="44.695" errors="0">
  <testcase name="testValidLogin" time="14.593" classname="scripts.TestValidLogin">
    <failure type="org.openqa.selenium.TimeoutException" message="Expected condition failed: waiting for title to be &amp;quot;I dont know&amp;quot;. Current title: &amp;quot;actiTIME - Enter Time-Track&amp;quot; (tried for 8 second(s) with 500 MILLISECONDS interval)
Build info: version: &amp;apos;3.8.1&amp;apos;, revision: &amp;apos;6e95a6684b&amp;apos;, time: &amp;apos;2017-12-01T18:33:54.468Z&amp;apos;
System info: host: &amp;apos;AJITH-PC&amp;apos;, ip: &amp;apos;192.168.43.99&amp;apos;, os.name: &amp;apos;Windows 7&amp;apos;, os.arch: &amp;apos;amd64&amp;apos;, os.version: &amp;apos;6.1&amp;apos;, java.version: &amp;apos;1.8.0_144&amp;apos;
Driver info: org.openqa.selenium.firefox.FirefoxDriver
Capabilities {acceptInsecureCerts: true, browserName: firefox, browserVersion: 57.0, javascriptEnabled: true, moz:accessibilityChecks: false, moz:headless: false, moz:processID: 4352, moz:profile: C:\Users\Ajith\AppData\Loca..., moz:webdriverClick: false, pageLoadStrategy: normal, platform: XP, platformName: XP, platformVersion: 6.1, rotatable: false, timeouts: {implicit: 0, pageLoad: 300000, script: 30000}}
Session ID: c8fc7a54-e616-49f1-8427-ae79b7b07fa5">
      <![CDATA[org.openqa.selenium.TimeoutException: Expected condition failed: waiting for title to be "I dont know". Current title: "actiTIME - Enter Time-Track" (tried for 8 second(s) with 500 MILLISECONDS interval)
Build info: version: '3.8.1', revision: '6e95a6684b', time: '2017-12-01T18:33:54.468Z'
System info: host: 'AJITH-PC', ip: '192.168.43.99', os.name: 'Windows 7', os.arch: 'amd64', os.version: '6.1', java.version: '1.8.0_144'
Driver info: org.openqa.selenium.firefox.FirefoxDriver
Capabilities {acceptInsecureCerts: true, browserName: firefox, browserVersion: 57.0, javascriptEnabled: true, moz:accessibilityChecks: false, moz:headless: false, moz:processID: 4352, moz:profile: C:\Users\Ajith\AppData\Loca..., moz:webdriverClick: false, pageLoadStrategy: normal, platform: XP, platformName: XP, platformVersion: 6.1, rotatable: false, timeouts: {implicit: 0, pageLoad: 300000, script: 30000}}
Session ID: c8fc7a54-e616-49f1-8427-ae79b7b07fa5
at org.openqa.selenium.support.ui.WebDriverWait.timeoutException(WebDriverWait.java:82)
at org.openqa.selenium.support.ui.FluentWait.until(FluentWait.java:231)
at scripts.TestValidLogin.testValidLogin(TestValidLogin.java:22)
... Removed 29 stack frames]]>
    </failure>
  </testcase> <!-- testValidLogin -->
  <testcase name="testValidLogin" time="7.385" classname="scripts.TestInvalidLogin"/>
</testsuite> <!-- Test -->
