<?xml version="1.0" encoding="UTF-8"?>
<testsuite xmlns:xsi="http://www.w3.org/2001/XMLSchema-instance" xsi:noNamespaceSchemaLocation="https://maven.apache.org/surefire/maven-surefire-plugin/xsd/surefire-test-report-3.0.xsd" version="3.0" name="TestSuite" time="45.464" tests="2" errors="0" skipped="0" failures="1">
  <properties>
[...]
</properties>
  <testcase name="testValidLogin" classname="scripts.TestValidLogin" time="14.62">
    <failure message="Expected condition failed: waiting for title to be &quot;I dont know&quot;. Current title: &quot;actiTIME - Enter Time-Track&quot; (tried for 8 second(s) with 500 MILLISECONDS interval)&#10;Build info: version: &apos;3.8.1&apos;, revision: &apos;6e95a6684b&apos;, time: &apos;2017-12-01T18:33:54.468Z&apos;&#10;System info: host: &apos;AJITH-PC&apos;, ip: &apos;192.168.43.99&apos;, os.name: &apos;Windows 7&apos;, os.arch: &apos;amd64&apos;, os.version: &apos;6.1&apos;, java.version: &apos;1.8.0_144&apos;&#10;Driver info: org.openqa.selenium.firefox.FirefoxDriver&#10;Capabilities {acceptInsecureCerts: true, browserName: firefox, browserVersion: 57.0, javascriptEnabled: true, moz:accessibilityChecks: false, moz:headless: false, moz:processID: 4352, moz:profile: C:\Users\Ajith\AppData\Loca..., moz:webdriverClick: false, pageLoadStrategy: normal, platform: XP, platformName: XP, platformVersion: 6.1, rotatable: false, timeouts: {implicit: 0, pageLoad: 300000, script: 30000}}&#10;Session ID: c8fc7a54-e616-49f1-8427-ae79b7b07fa5" type="org.openqa.selenium.TimeoutException">org.openqa.selenium.TimeoutException: 
Expected condition failed: waiting for title to be "I dont know". Current title: "actiTIME - Enter Time-Track" (tried for 8 second(s) with 500 MILLISECONDS interval)
Build info: version: '3.8.1', revision: '6e95a6684b', time: '2017-12-01T18:33:54.468Z'
System info: host: 'AJITH-PC', ip: '192.168.43.99', os.name: 'Windows 7', os.arch: 'amd64', os.version: '6.1', java.version: '1.8.0_144'
Driver info: org.openqa.selenium.firefox.FirefoxDriver
Capabilities {acceptInsecureCerts: true, browserName: firefox, browserVersion: 57.0, javascriptEnabled: true, moz:accessibilityChecks: false, moz:headless: false, moz:processID: 4352, moz:profile: C:\Users\Ajith\AppData\Loca..., moz:webdriverClick: false, pageLoadStrategy: normal, platform: XP, platformName: XP, platformVersion: 6.1, rotatable: false, timeouts: {implicit: 0, pageLoad: 300000, script: 30000}}
Session ID: c8fc7a54-e616-49f1-8427-ae79b7b07fa5
	at scripts.TestValidLogin.testValidLogin(TestValidLogin.java:22)
</failure>
    <system-err><![CDATA[1555145060050	geckodriver	INFO	geckodriver 0.19.1
1555145060062	geckodriver	INFO	Listening on 127.0.0.1:44101
1555145060761	mozrunner::runner	INFO	Running command: "C:\\Program Files (x86)\\Mozilla Firefox\\firefox.exe" "-marionette" "-profile" "C:\\Users\\Ajith\\AppData\\Local\\Temp\\rust_mozprofile.DhH7cgd7T5jZ"
1555145061827	Marionette	INFO	Enabled via --marionette
Unable to read VR Path Registry from C:\Users\Ajith\AppData\Local\openvr\openvrpaths.vrpath
[Child 2284, Chrome_ChildThread] WARNING: pipe error: 109: file z:/build/build/src/ipc/chromium/src/chrome/common/ipc_channel_win.cc, line 346
[Child 2284, Chrome_ChildThread] WARNING: pipe error: 109: file z:/build/build/src/ipc/chromium/src/chrome/common/ipc_channel_win.cc, line 346
1555145068155	Marionette	INFO	Listening on port 49602
1555145068583	Marionette	WARN	TLS certificate errors will be ignored for this session
1555145070583	Marionette	DEBUG	Register listener.js for window 4294967297
Apr 13, 2019 2:14:30 PM org.openqa.selenium.remote.ProtocolHandshake createSession
INFO: Detected dialect: W3C
1555145070725	Marionette	DEBUG	Received DOM event "beforeunload" for "about:blank"
1555145070809	Marionette	DEBUG	Received DOM event "pagehide" for "about:blank"
1555145070810	Marionette	DEBUG	Received DOM event "unload" for "about:blank"
1555145073069	Marionette	DEBUG	Received DOM event "DOMContentLoaded" for "http://localhost:90/login.do"
1555145073204	Marionette	DEBUG	Received DOM event "pageshow" for "http://localhost:90/login.do"
1555145076083	Marionette	DEBUG	Received DOM event "beforeunload" for "http://localhost:90/login.do"
1555145077936	Marionette	DEBUG	Received DOM event "pagehide" for "http://localhost:90/login.do"
1555145077938	Marionette	DEBUG	Received DOM event "unload" for "http://localhost:90/login.do"
1555145079246	Marionette	DEBUG	Received DOM event "DOMContentLoaded" for "http://localhost:90/user/submit_tt.do"
1555145079470	Marionette	DEBUG	Received DOM event "pageshow" for "http://localhost:90/user/submit_tt.do"
]]></system-err>
  </testcase>
  <testcase name="testValidLogin" classname="scripts.TestInvalidLogin" time="7.383"/>
</testsuite>