<?xml version="1.0" encoding="UTF-8"?>
<testng-results skipped="0" failed="0" ignored="0" total="2" passed="2">
  <reporter-output>
  </reporter-output>
  <suite name="Suite" duration-ms="31604" started-at="2019-04-14T03:54:41Z" finished-at="2019-04-14T03:55:12Z">
    <groups>
    </groups>
    <test name="Test" duration-ms="31604" started-at="2019-04-14T03:54:41Z" finished-at="2019-04-14T03:55:12Z">
      <class name="scripts.TestValidLogin">
        <test-method status="PASS" signature="openApplication()[pri:0, instance:scripts.TestValidLogin@6950e31]" name="openApplication" is-config="true" duration-ms="12110" started-at="2019-04-14T03:54:41Z" finished-at="2019-04-14T03:54:53Z">
          <reporter-output>
          </reporter-output>
        </test-method> <!-- openApplication -->
        <test-method status="PASS" signature="testValidLogin()[pri:0, instance:scripts.TestValidLogin@6950e31]" name="testValidLogin" duration-ms="6349" started-at="2019-04-14T03:54:53Z" finished-at="2019-04-14T03:54:59Z">
          <reporter-output>
          </reporter-output>
        </test-method> <!-- testValidLogin -->
        <test-method status="PASS" signature="closeApplication(org.testng.ITestResult)[pri:0, instance:scripts.TestValidLogin@6950e31]" name="closeApplication" is-config="true" duration-ms="131" started-at="2019-04-14T03:54:59Z" finished-at="2019-04-14T03:54:59Z">
          <params>
            <param index="0">
              <value>
                <![CDATA[[TestResult name=testValidLogin status=SUCCESS method=TestValidLogin.testValidLogin()[pri:0, instance:scripts.TestValidLogin@6950e31] output={null}]]]>
              </value>
            </param>
          </params>
          <reporter-output>
          </reporter-output>
        </test-method> <!-- closeApplication -->
      </class> <!-- scripts.TestValidLogin -->
      <class name="scripts.TestInvalidLogin">
        <test-method status="PASS" signature="openApplication()[pri:0, instance:scripts.TestInvalidLogin@b7dd107]" name="openApplication" is-config="true" duration-ms="6748" started-at="2019-04-14T03:54:59Z" finished-at="2019-04-14T03:55:06Z">
          <reporter-output>
          </reporter-output>
        </test-method> <!-- openApplication -->
        <test-method status="PASS" signature="testValidLogin()[pri:0, instance:scripts.TestInvalidLogin@b7dd107]" name="testValidLogin" duration-ms="6064" started-at="2019-04-14T03:55:06Z" finished-at="2019-04-14T03:55:12Z">
          <reporter-output>
          </reporter-output>
        </test-method> <!-- testValidLogin -->
        <test-method status="PASS" signature="closeApplication(org.testng.ITestResult)[pri:0, instance:scripts.TestInvalidLogin@b7dd107]" name="closeApplication" is-config="true" duration-ms="143" started-at="2019-04-14T03:55:12Z" finished-at="2019-04-14T03:55:12Z">
          <params>
            <param index="0">
              <value>
                <![CDATA[[TestResult name=testValidLogin status=SUCCESS method=TestInvalidLogin.testValidLogin()[pri:0, instance:scripts.TestInvalidLogin@b7dd107] output={null}]]]>
              </value>
            </param>
          </params>
          <reporter-output>
          </reporter-output>
        </test-method> <!-- closeApplication -->
      </class> <!-- scripts.TestInvalidLogin -->
    </test> <!-- Test -->
  </suite> <!-- Suite -->
</testng-results>
